CRITICAL - 2022-05-20 18:02:45 --> Class "App\Controllers\UserDatatable" not found
#0 C:\laragon\www\ci\system\CodeIgniter.php(832): App\Controllers\User->ajaxList()
#1 C:\laragon\www\ci\system\CodeIgniter.php(419): CodeIgniter\CodeIgniter->runController(Object(App\Controllers\User))
#2 C:\laragon\www\ci\system\CodeIgniter.php(326): CodeIgniter\CodeIgniter->handleRequest(NULL, Object(Config\Cache), false)
#3 C:\laragon\www\ci\public\index.php(37): CodeIgniter\CodeIgniter->run()
#4 {main}
CRITICAL - 2022-05-20 18:02:53 --> Class "App\Controllers\UserDatatable" not found
#0 C:\laragon\www\ci\system\CodeIgniter.php(832): App\Controllers\User->ajaxList()
#1 C:\laragon\www\ci\system\CodeIgniter.php(419): CodeIgniter\CodeIgniter->runController(Object(App\Controllers\User))
#2 C:\laragon\www\ci\system\CodeIgniter.php(326): CodeIgniter\CodeIgniter->handleRequest(NULL, Object(Config\Cache), false)
#3 C:\laragon\www\ci\public\index.php(37): CodeIgniter\CodeIgniter->run()
#4 {main}
CRITICAL - 2022-05-20 18:02:57 --> Class "App\Controllers\UserDatatable" not found
#0 C:\laragon\www\ci\system\CodeIgniter.php(832): App\Controllers\User->ajaxList()
#1 C:\laragon\www\ci\system\CodeIgniter.php(419): CodeIgniter\CodeIgniter->runController(Object(App\Controllers\User))
#2 C:\laragon\www\ci\system\CodeIgniter.php(326): CodeIgniter\CodeIgniter->handleRequest(NULL, Object(Config\Cache), false)
#3 C:\laragon\www\ci\public\index.php(37): CodeIgniter\CodeIgniter->run()
#4 {main}
CRITICAL - 2022-05-20 18:11:44 --> Class "App\Controllers\UserDatatable" not found
#0 C:\laragon\www\ci\system\CodeIgniter.php(832): App\Controllers\User->ajaxList()
#1 C:\laragon\www\ci\system\CodeIgniter.php(419): CodeIgniter\CodeIgniter->runController(Object(App\Controllers\User))
#2 C:\laragon\www\ci\system\CodeIgniter.php(326): CodeIgniter\CodeIgniter->handleRequest(NULL, Object(Config\Cache), false)
#3 C:\laragon\www\ci\public\index.php(37): CodeIgniter\CodeIgniter->run()
#4 {main}
