CRITICAL - 2022-04-15 05:22:18 --> Class "App\Controllers\Services" not found
#0 C:\laragon\www\ci\system\CodeIgniter.php(832): App\Controllers\User->ajaxList()
#1 C:\laragon\www\ci\system\CodeIgniter.php(419): CodeIgniter\CodeIgniter->runController(Object(App\Controllers\User))
#2 C:\laragon\www\ci\system\CodeIgniter.php(326): CodeIgniter\CodeIgniter->handleRequest(NULL, Object(Config\Cache), false)
#3 C:\laragon\www\ci\public\index.php(37): CodeIgniter\CodeIgniter->run()
#4 {main}
CRITICAL - 2022-04-15 05:22:24 --> Class "App\Controllers\Services" not found
#0 C:\laragon\www\ci\system\CodeIgniter.php(832): App\Controllers\User->ajaxList()
#1 C:\laragon\www\ci\system\CodeIgniter.php(419): CodeIgniter\CodeIgniter->runController(Object(App\Controllers\User))
#2 C:\laragon\www\ci\system\CodeIgniter.php(326): CodeIgniter\CodeIgniter->handleRequest(NULL, Object(Config\Cache), false)
#3 C:\laragon\www\ci\public\index.php(37): CodeIgniter\CodeIgniter->run()
#4 {main}
CRITICAL - 2022-04-15 05:23:32 --> Class "App\Controllers\Services" not found
#0 C:\laragon\www\ci\system\CodeIgniter.php(832): App\Controllers\User->ajaxList()
#1 C:\laragon\www\ci\system\CodeIgniter.php(419): CodeIgniter\CodeIgniter->runController(Object(App\Controllers\User))
#2 C:\laragon\www\ci\system\CodeIgniter.php(326): CodeIgniter\CodeIgniter->handleRequest(NULL, Object(Config\Cache), false)
#3 C:\laragon\www\ci\public\index.php(37): CodeIgniter\CodeIgniter->run()
#4 {main}
CRITICAL - 2022-04-15 05:23:38 --> Class "App\Controllers\Services" not found
#0 C:\laragon\www\ci\system\CodeIgniter.php(832): App\Controllers\User->ajaxList()
#1 C:\laragon\www\ci\system\CodeIgniter.php(419): CodeIgniter\CodeIgniter->runController(Object(App\Controllers\User))
#2 C:\laragon\www\ci\system\CodeIgniter.php(326): CodeIgniter\CodeIgniter->handleRequest(NULL, Object(Config\Cache), false)
#3 C:\laragon\www\ci\public\index.php(37): CodeIgniter\CodeIgniter->run()
#4 {main}
CRITICAL - 2022-04-15 05:23:48 --> Class "App\Controllers\Services" not found
#0 C:\laragon\www\ci\system\CodeIgniter.php(832): App\Controllers\User->ajaxList()
#1 C:\laragon\www\ci\system\CodeIgniter.php(419): CodeIgniter\CodeIgniter->runController(Object(App\Controllers\User))
#2 C:\laragon\www\ci\system\CodeIgniter.php(326): CodeIgniter\CodeIgniter->handleRequest(NULL, Object(Config\Cache), false)
#3 C:\laragon\www\ci\public\index.php(37): CodeIgniter\CodeIgniter->run()
#4 {main}
CRITICAL - 2022-04-15 05:51:17 --> Class "App\Controllers\Services" not found
#0 C:\laragon\www\ci\system\CodeIgniter.php(832): App\Controllers\User->ajaxList()
#1 C:\laragon\www\ci\system\CodeIgniter.php(419): CodeIgniter\CodeIgniter->runController(Object(App\Controllers\User))
#2 C:\laragon\www\ci\system\CodeIgniter.php(326): CodeIgniter\CodeIgniter->handleRequest(NULL, Object(Config\Cache), false)
#3 C:\laragon\www\ci\public\index.php(37): CodeIgniter\CodeIgniter->run()
#4 {main}
CRITICAL - 2022-04-15 05:51:33 --> Class "App\Controllers\Services" not found
#0 C:\laragon\www\ci\system\CodeIgniter.php(832): App\Controllers\User->ajaxList()
#1 C:\laragon\www\ci\system\CodeIgniter.php(419): CodeIgniter\CodeIgniter->runController(Object(App\Controllers\User))
#2 C:\laragon\www\ci\system\CodeIgniter.php(326): CodeIgniter\CodeIgniter->handleRequest(NULL, Object(Config\Cache), false)
#3 C:\laragon\www\ci\public\index.php(37): CodeIgniter\CodeIgniter->run()
#4 {main}
CRITICAL - 2022-04-15 05:54:39 --> Class "App\Controllers\Services" not found
#0 C:\laragon\www\ci\system\CodeIgniter.php(832): App\Controllers\User->ajaxList()
#1 C:\laragon\www\ci\system\CodeIgniter.php(419): CodeIgniter\CodeIgniter->runController(Object(App\Controllers\User))
#2 C:\laragon\www\ci\system\CodeIgniter.php(326): CodeIgniter\CodeIgniter->handleRequest(NULL, Object(Config\Cache), false)
#3 C:\laragon\www\ci\public\index.php(37): CodeIgniter\CodeIgniter->run()
#4 {main}
CRITICAL - 2022-04-15 05:55:36 --> Class "App\Controllers\UserDatatable" not found
#0 C:\laragon\www\ci\system\CodeIgniter.php(832): App\Controllers\User->ajaxList()
#1 C:\laragon\www\ci\system\CodeIgniter.php(419): CodeIgniter\CodeIgniter->runController(Object(App\Controllers\User))
#2 C:\laragon\www\ci\system\CodeIgniter.php(326): CodeIgniter\CodeIgniter->handleRequest(NULL, Object(Config\Cache), false)
#3 C:\laragon\www\ci\public\index.php(37): CodeIgniter\CodeIgniter->run()
#4 {main}
CRITICAL - 2022-04-15 05:55:39 --> Class "App\Controllers\UserDatatable" not found
#0 C:\laragon\www\ci\system\CodeIgniter.php(832): App\Controllers\User->ajaxList()
#1 C:\laragon\www\ci\system\CodeIgniter.php(419): CodeIgniter\CodeIgniter->runController(Object(App\Controllers\User))
#2 C:\laragon\www\ci\system\CodeIgniter.php(326): CodeIgniter\CodeIgniter->handleRequest(NULL, Object(Config\Cache), false)
#3 C:\laragon\www\ci\public\index.php(37): CodeIgniter\CodeIgniter->run()
#4 {main}
CRITICAL - 2022-04-15 05:56:35 --> Class "App\Controllers\UserDatatable" not found
#0 C:\laragon\www\ci\system\CodeIgniter.php(832): App\Controllers\User->ajaxList()
#1 C:\laragon\www\ci\system\CodeIgniter.php(419): CodeIgniter\CodeIgniter->runController(Object(App\Controllers\User))
#2 C:\laragon\www\ci\system\CodeIgniter.php(326): CodeIgniter\CodeIgniter->handleRequest(NULL, Object(Config\Cache), false)
#3 C:\laragon\www\ci\public\index.php(37): CodeIgniter\CodeIgniter->run()
#4 {main}
CRITICAL - 2022-04-15 06:08:52 --> Class "App\Controllers\UserDatatable" not found
#0 C:\laragon\www\ci\system\CodeIgniter.php(832): App\Controllers\User->ajaxList()
#1 C:\laragon\www\ci\system\CodeIgniter.php(419): CodeIgniter\CodeIgniter->runController(Object(App\Controllers\User))
#2 C:\laragon\www\ci\system\CodeIgniter.php(326): CodeIgniter\CodeIgniter->handleRequest(NULL, Object(Config\Cache), false)
#3 C:\laragon\www\ci\public\index.php(37): CodeIgniter\CodeIgniter->run()
#4 {main}
CRITICAL - 2022-04-15 06:11:08 --> Class "App\Controllers\UserDatatable" not found
#0 C:\laragon\www\ci\system\CodeIgniter.php(832): App\Controllers\User->ajaxList()
#1 C:\laragon\www\ci\system\CodeIgniter.php(419): CodeIgniter\CodeIgniter->runController(Object(App\Controllers\User))
#2 C:\laragon\www\ci\system\CodeIgniter.php(326): CodeIgniter\CodeIgniter->handleRequest(NULL, Object(Config\Cache), false)
#3 C:\laragon\www\ci\public\index.php(37): CodeIgniter\CodeIgniter->run()
#4 {main}
CRITICAL - 2022-04-15 09:11:17 --> Class "App\Controllers\UserDatatable" not found
#0 C:\laragon\www\ci\system\CodeIgniter.php(832): App\Controllers\User->ajaxList()
#1 C:\laragon\www\ci\system\CodeIgniter.php(419): CodeIgniter\CodeIgniter->runController(Object(App\Controllers\User))
#2 C:\laragon\www\ci\system\CodeIgniter.php(326): CodeIgniter\CodeIgniter->handleRequest(NULL, Object(Config\Cache), false)
#3 C:\laragon\www\ci\public\index.php(37): CodeIgniter\CodeIgniter->run()
#4 {main}
CRITICAL - 2022-04-15 10:24:14 --> Class "App\Controllers\UserDatatable" not found
#0 C:\laragon\www\ci\system\CodeIgniter.php(832): App\Controllers\User->ajaxList()
#1 C:\laragon\www\ci\system\CodeIgniter.php(419): CodeIgniter\CodeIgniter->runController(Object(App\Controllers\User))
#2 C:\laragon\www\ci\system\CodeIgniter.php(326): CodeIgniter\CodeIgniter->handleRequest(NULL, Object(Config\Cache), false)
#3 C:\laragon\www\ci\public\index.php(37): CodeIgniter\CodeIgniter->run()
#4 {main}
CRITICAL - 2022-04-15 10:26:05 --> Class "App\Controllers\UserDatatable" not found
#0 C:\laragon\www\ci\system\CodeIgniter.php(832): App\Controllers\User->ajaxList()
#1 C:\laragon\www\ci\system\CodeIgniter.php(419): CodeIgniter\CodeIgniter->runController(Object(App\Controllers\User))
#2 C:\laragon\www\ci\system\CodeIgniter.php(326): CodeIgniter\CodeIgniter->handleRequest(NULL, Object(Config\Cache), false)
#3 C:\laragon\www\ci\public\index.php(37): CodeIgniter\CodeIgniter->run()
#4 {main}
CRITICAL - 2022-04-15 16:16:19 --> Class "App\Controllers\UserDatatable" not found
#0 C:\laragon\www\ci\system\CodeIgniter.php(832): App\Controllers\User->ajaxList()
#1 C:\laragon\www\ci\system\CodeIgniter.php(419): CodeIgniter\CodeIgniter->runController(Object(App\Controllers\User))
#2 C:\laragon\www\ci\system\CodeIgniter.php(326): CodeIgniter\CodeIgniter->handleRequest(NULL, Object(Config\Cache), false)
#3 C:\laragon\www\ci\public\index.php(37): CodeIgniter\CodeIgniter->run()
#4 {main}
