CRITICAL - 2022-04-13 11:23:32 --> The framework needs the following extension(s) installed and loaded: intl.
#0 C:\laragon\www\ci\system\CodeIgniter.php(219): CodeIgniter\Exceptions\FrameworkException::forMissingExtension('intl')
#1 C:\laragon\www\ci\system\CodeIgniter.php(177): CodeIgniter\CodeIgniter->resolvePlatformExtensions()
#2 C:\laragon\www\ci\system\bootstrap.php(146): CodeIgniter\CodeIgniter->initialize()
#3 C:\laragon\www\ci\public\index.php(28): require('C:\\laragon\\www\\...')
#4 {main}
CRITICAL - 2022-04-13 11:23:46 --> The framework needs the following extension(s) installed and loaded: intl.
#0 C:\laragon\www\ci\system\CodeIgniter.php(219): CodeIgniter\Exceptions\FrameworkException::forMissingExtension('intl')
#1 C:\laragon\www\ci\system\CodeIgniter.php(177): CodeIgniter\CodeIgniter->resolvePlatformExtensions()
#2 C:\laragon\www\ci\system\bootstrap.php(146): CodeIgniter\CodeIgniter->initialize()
#3 C:\laragon\www\ci\public\index.php(28): require('C:\\laragon\\www\\...')
#4 {main}
CRITICAL - 2022-04-13 11:24:52 --> The framework needs the following extension(s) installed and loaded: intl.
#0 C:\laragon\www\ci\system\CodeIgniter.php(219): CodeIgniter\Exceptions\FrameworkException::forMissingExtension('intl')
#1 C:\laragon\www\ci\system\CodeIgniter.php(177): CodeIgniter\CodeIgniter->resolvePlatformExtensions()
#2 C:\laragon\www\ci\system\bootstrap.php(146): CodeIgniter\CodeIgniter->initialize()
#3 C:\laragon\www\ci\public\index.php(28): require('C:\\laragon\\www\\...')
#4 {main}
CRITICAL - 2022-04-13 12:04:48 --> The framework needs the following extension(s) installed and loaded: intl.
#0 C:\laragon\www\ci\system\CodeIgniter.php(219): CodeIgniter\Exceptions\FrameworkException::forMissingExtension('intl')
#1 C:\laragon\www\ci\system\CodeIgniter.php(177): CodeIgniter\CodeIgniter->resolvePlatformExtensions()
#2 C:\laragon\www\ci\system\bootstrap.php(146): CodeIgniter\CodeIgniter->initialize()
#3 C:\laragon\www\ci\public\index.php(28): require('C:\\laragon\\www\\...')
#4 {main}
CRITICAL - 2022-04-13 12:04:50 --> The framework needs the following extension(s) installed and loaded: intl.
#0 C:\laragon\www\ci\system\CodeIgniter.php(219): CodeIgniter\Exceptions\FrameworkException::forMissingExtension('intl')
#1 C:\laragon\www\ci\system\CodeIgniter.php(177): CodeIgniter\CodeIgniter->resolvePlatformExtensions()
#2 C:\laragon\www\ci\system\bootstrap.php(146): CodeIgniter\CodeIgniter->initialize()
#3 C:\laragon\www\ci\public\index.php(28): require('C:\\laragon\\www\\...')
#4 {main}
CRITICAL - 2022-04-13 12:05:01 --> The framework needs the following extension(s) installed and loaded: intl.
#0 C:\laragon\www\ci\system\CodeIgniter.php(219): CodeIgniter\Exceptions\FrameworkException::forMissingExtension('intl')
#1 C:\laragon\www\ci\system\CodeIgniter.php(177): CodeIgniter\CodeIgniter->resolvePlatformExtensions()
#2 C:\laragon\www\ci\system\bootstrap.php(146): CodeIgniter\CodeIgniter->initialize()
#3 C:\laragon\www\ci\public\index.php(28): require('C:\\laragon\\www\\...')
#4 {main}
CRITICAL - 2022-04-13 12:06:32 --> The framework needs the following extension(s) installed and loaded: intl.
#0 C:\laragon\www\ci\system\CodeIgniter.php(219): CodeIgniter\Exceptions\FrameworkException::forMissingExtension('intl')
#1 C:\laragon\www\ci\system\CodeIgniter.php(177): CodeIgniter\CodeIgniter->resolvePlatformExtensions()
#2 C:\laragon\www\ci\system\bootstrap.php(146): CodeIgniter\CodeIgniter->initialize()
#3 C:\laragon\www\ci\public\index.php(28): require('C:\\laragon\\www\\...')
#4 {main}
CRITICAL - 2022-04-13 12:06:37 --> The framework needs the following extension(s) installed and loaded: intl.
#0 C:\laragon\www\ci\system\CodeIgniter.php(219): CodeIgniter\Exceptions\FrameworkException::forMissingExtension('intl')
#1 C:\laragon\www\ci\system\CodeIgniter.php(177): CodeIgniter\CodeIgniter->resolvePlatformExtensions()
#2 C:\laragon\www\ci\system\bootstrap.php(146): CodeIgniter\CodeIgniter->initialize()
#3 C:\laragon\www\ci\public\index.php(28): require('C:\\laragon\\www\\...')
#4 {main}
CRITICAL - 2022-04-13 12:06:50 --> The framework needs the following extension(s) installed and loaded: intl.
#0 C:\laragon\www\ci\system\CodeIgniter.php(219): CodeIgniter\Exceptions\FrameworkException::forMissingExtension('intl')
#1 C:\laragon\www\ci\system\CodeIgniter.php(177): CodeIgniter\CodeIgniter->resolvePlatformExtensions()
#2 C:\laragon\www\ci\system\bootstrap.php(146): CodeIgniter\CodeIgniter->initialize()
#3 C:\laragon\www\ci\public\index.php(28): require('C:\\laragon\\www\\...')
#4 {main}
CRITICAL - 2022-04-13 12:07:14 --> The framework needs the following extension(s) installed and loaded: intl.
#0 C:\laragon\www\ci\system\CodeIgniter.php(219): CodeIgniter\Exceptions\FrameworkException::forMissingExtension('intl')
#1 C:\laragon\www\ci\system\CodeIgniter.php(177): CodeIgniter\CodeIgniter->resolvePlatformExtensions()
#2 C:\laragon\www\ci\system\bootstrap.php(146): CodeIgniter\CodeIgniter->initialize()
#3 C:\laragon\www\ci\public\index.php(28): require('C:\\laragon\\www\\...')
#4 {main}
CRITICAL - 2022-04-13 12:07:18 --> The framework needs the following extension(s) installed and loaded: intl.
#0 C:\laragon\www\ci\system\CodeIgniter.php(219): CodeIgniter\Exceptions\FrameworkException::forMissingExtension('intl')
#1 C:\laragon\www\ci\system\CodeIgniter.php(177): CodeIgniter\CodeIgniter->resolvePlatformExtensions()
#2 C:\laragon\www\ci\system\bootstrap.php(146): CodeIgniter\CodeIgniter->initialize()
#3 C:\laragon\www\ci\public\index.php(28): require('C:\\laragon\\www\\...')
#4 {main}
CRITICAL - 2022-04-13 12:07:19 --> The framework needs the following extension(s) installed and loaded: intl.
#0 C:\laragon\www\ci\system\CodeIgniter.php(219): CodeIgniter\Exceptions\FrameworkException::forMissingExtension('intl')
#1 C:\laragon\www\ci\system\CodeIgniter.php(177): CodeIgniter\CodeIgniter->resolvePlatformExtensions()
#2 C:\laragon\www\ci\system\bootstrap.php(146): CodeIgniter\CodeIgniter->initialize()
#3 C:\laragon\www\ci\public\index.php(28): require('C:\\laragon\\www\\...')
#4 {main}
CRITICAL - 2022-04-13 12:08:01 --> The framework needs the following extension(s) installed and loaded: intl.
#0 C:\laragon\www\ci\system\CodeIgniter.php(219): CodeIgniter\Exceptions\FrameworkException::forMissingExtension('intl')
#1 C:\laragon\www\ci\system\CodeIgniter.php(177): CodeIgniter\CodeIgniter->resolvePlatformExtensions()
#2 C:\laragon\www\ci\system\bootstrap.php(146): CodeIgniter\CodeIgniter->initialize()
#3 C:\laragon\www\ci\public\index.php(28): require('C:\\laragon\\www\\...')
#4 {main}
CRITICAL - 2022-04-13 12:08:53 --> The framework needs the following extension(s) installed and loaded: intl.
#0 C:\laragon\www\ci\system\CodeIgniter.php(219): CodeIgniter\Exceptions\FrameworkException::forMissingExtension('intl')
#1 C:\laragon\www\ci\system\CodeIgniter.php(177): CodeIgniter\CodeIgniter->resolvePlatformExtensions()
#2 C:\laragon\www\ci\system\bootstrap.php(146): CodeIgniter\CodeIgniter->initialize()
#3 C:\laragon\www\ci\public\index.php(28): require('C:\\laragon\\www\\...')
#4 {main}
CRITICAL - 2022-04-13 12:08:54 --> The framework needs the following extension(s) installed and loaded: intl.
#0 C:\laragon\www\ci\system\CodeIgniter.php(219): CodeIgniter\Exceptions\FrameworkException::forMissingExtension('intl')
#1 C:\laragon\www\ci\system\CodeIgniter.php(177): CodeIgniter\CodeIgniter->resolvePlatformExtensions()
#2 C:\laragon\www\ci\system\bootstrap.php(146): CodeIgniter\CodeIgniter->initialize()
#3 C:\laragon\www\ci\public\index.php(28): require('C:\\laragon\\www\\...')
#4 {main}
CRITICAL - 2022-04-13 13:13:46 --> The framework needs the following extension(s) installed and loaded: intl.
#0 C:\laragon\www\ci\system\CodeIgniter.php(219): CodeIgniter\Exceptions\FrameworkException::forMissingExtension('intl')
#1 C:\laragon\www\ci\system\CodeIgniter.php(177): CodeIgniter\CodeIgniter->resolvePlatformExtensions()
#2 C:\laragon\www\ci\system\bootstrap.php(146): CodeIgniter\CodeIgniter->initialize()
#3 C:\laragon\www\ci\public\index.php(28): require('C:\\laragon\\www\\...')
#4 {main}
CRITICAL - 2022-04-13 08:14:42 --> Invalid file: partial/header.php
#0 C:\laragon\www\ci\system\View\View.php(198): CodeIgniter\Exceptions\FrameworkException::forInvalidFile('partial/header....')
#1 C:\laragon\www\ci\system\Common.php(1089): CodeIgniter\View\View->render('partial/header', Array, true)
#2 C:\laragon\www\ci\app\Controllers\Dashboard.php(8): view('partial/header', Array)
#3 C:\laragon\www\ci\system\CodeIgniter.php(832): App\Controllers\Dashboard->index()
#4 C:\laragon\www\ci\system\CodeIgniter.php(419): CodeIgniter\CodeIgniter->runController(Object(App\Controllers\Dashboard))
#5 C:\laragon\www\ci\system\CodeIgniter.php(326): CodeIgniter\CodeIgniter->handleRequest(NULL, Object(Config\Cache), false)
#6 C:\laragon\www\ci\public\index.php(37): CodeIgniter\CodeIgniter->run()
#7 {main}
CRITICAL - 2022-04-13 08:14:44 --> Invalid file: partial/header.php
#0 C:\laragon\www\ci\system\View\View.php(198): CodeIgniter\Exceptions\FrameworkException::forInvalidFile('partial/header....')
#1 C:\laragon\www\ci\system\Common.php(1089): CodeIgniter\View\View->render('partial/header', Array, true)
#2 C:\laragon\www\ci\app\Controllers\Dashboard.php(8): view('partial/header', Array)
#3 C:\laragon\www\ci\system\CodeIgniter.php(832): App\Controllers\Dashboard->index()
#4 C:\laragon\www\ci\system\CodeIgniter.php(419): CodeIgniter\CodeIgniter->runController(Object(App\Controllers\Dashboard))
#5 C:\laragon\www\ci\system\CodeIgniter.php(326): CodeIgniter\CodeIgniter->handleRequest(NULL, Object(Config\Cache), false)
#6 C:\laragon\www\ci\public\index.php(37): CodeIgniter\CodeIgniter->run()
#7 {main}
CRITICAL - 2022-04-13 08:15:35 --> Invalid file: partial\header.php
#0 C:\laragon\www\ci\system\View\View.php(198): CodeIgniter\Exceptions\FrameworkException::forInvalidFile('partial\\header....')
#1 C:\laragon\www\ci\system\Common.php(1089): CodeIgniter\View\View->render('partial\\header', Array, true)
#2 C:\laragon\www\ci\app\Controllers\Dashboard.php(8): view('partial\\header', Array)
#3 C:\laragon\www\ci\system\CodeIgniter.php(832): App\Controllers\Dashboard->index()
#4 C:\laragon\www\ci\system\CodeIgniter.php(419): CodeIgniter\CodeIgniter->runController(Object(App\Controllers\Dashboard))
#5 C:\laragon\www\ci\system\CodeIgniter.php(326): CodeIgniter\CodeIgniter->handleRequest(NULL, Object(Config\Cache), false)
#6 C:\laragon\www\ci\public\index.php(37): CodeIgniter\CodeIgniter->run()
#7 {main}
CRITICAL - 2022-04-13 08:15:36 --> Invalid file: partial\header.php
#0 C:\laragon\www\ci\system\View\View.php(198): CodeIgniter\Exceptions\FrameworkException::forInvalidFile('partial\\header....')
#1 C:\laragon\www\ci\system\Common.php(1089): CodeIgniter\View\View->render('partial\\header', Array, true)
#2 C:\laragon\www\ci\app\Controllers\Dashboard.php(8): view('partial\\header', Array)
#3 C:\laragon\www\ci\system\CodeIgniter.php(832): App\Controllers\Dashboard->index()
#4 C:\laragon\www\ci\system\CodeIgniter.php(419): CodeIgniter\CodeIgniter->runController(Object(App\Controllers\Dashboard))
#5 C:\laragon\www\ci\system\CodeIgniter.php(326): CodeIgniter\CodeIgniter->handleRequest(NULL, Object(Config\Cache), false)
#6 C:\laragon\www\ci\public\index.php(37): CodeIgniter\CodeIgniter->run()
#7 {main}
CRITICAL - 2022-04-13 08:15:37 --> Invalid file: partial\header.php
#0 C:\laragon\www\ci\system\View\View.php(198): CodeIgniter\Exceptions\FrameworkException::forInvalidFile('partial\\header....')
#1 C:\laragon\www\ci\system\Common.php(1089): CodeIgniter\View\View->render('partial\\header', Array, true)
#2 C:\laragon\www\ci\app\Controllers\Dashboard.php(8): view('partial\\header', Array)
#3 C:\laragon\www\ci\system\CodeIgniter.php(832): App\Controllers\Dashboard->index()
#4 C:\laragon\www\ci\system\CodeIgniter.php(419): CodeIgniter\CodeIgniter->runController(Object(App\Controllers\Dashboard))
#5 C:\laragon\www\ci\system\CodeIgniter.php(326): CodeIgniter\CodeIgniter->handleRequest(NULL, Object(Config\Cache), false)
#6 C:\laragon\www\ci\public\index.php(37): CodeIgniter\CodeIgniter->run()
#7 {main}
CRITICAL - 2022-04-13 13:17:45 --> The framework needs the following extension(s) installed and loaded: intl.
#0 C:\laragon\www\ci\system\CodeIgniter.php(219): CodeIgniter\Exceptions\FrameworkException::forMissingExtension('intl')
#1 C:\laragon\www\ci\system\CodeIgniter.php(177): CodeIgniter\CodeIgniter->resolvePlatformExtensions()
#2 C:\laragon\www\ci\system\bootstrap.php(146): CodeIgniter\CodeIgniter->initialize()
#3 C:\laragon\www\ci\public\index.php(28): require('C:\\laragon\\www\\...')
#4 {main}
CRITICAL - 2022-04-13 13:17:46 --> The framework needs the following extension(s) installed and loaded: intl.
#0 C:\laragon\www\ci\system\CodeIgniter.php(219): CodeIgniter\Exceptions\FrameworkException::forMissingExtension('intl')
#1 C:\laragon\www\ci\system\CodeIgniter.php(177): CodeIgniter\CodeIgniter->resolvePlatformExtensions()
#2 C:\laragon\www\ci\system\bootstrap.php(146): CodeIgniter\CodeIgniter->initialize()
#3 C:\laragon\www\ci\public\index.php(28): require('C:\\laragon\\www\\...')
#4 {main}
CRITICAL - 2022-04-13 08:17:53 --> Invalid file: partial\header.php
#0 C:\laragon\www\ci\system\View\View.php(198): CodeIgniter\Exceptions\FrameworkException::forInvalidFile('partial\\header....')
#1 C:\laragon\www\ci\system\Common.php(1089): CodeIgniter\View\View->render('partial\\header', Array, true)
#2 C:\laragon\www\ci\app\Controllers\Dashboard.php(8): view('partial\\header', Array)
#3 C:\laragon\www\ci\system\CodeIgniter.php(832): App\Controllers\Dashboard->index()
#4 C:\laragon\www\ci\system\CodeIgniter.php(419): CodeIgniter\CodeIgniter->runController(Object(App\Controllers\Dashboard))
#5 C:\laragon\www\ci\system\CodeIgniter.php(326): CodeIgniter\CodeIgniter->handleRequest(NULL, Object(Config\Cache), false)
#6 C:\laragon\www\ci\public\index.php(37): CodeIgniter\CodeIgniter->run()
#7 {main}
CRITICAL - 2022-04-13 08:21:25 --> Invalid file: partials/top_menu.php
#0 C:\laragon\www\ci\system\View\View.php(198): CodeIgniter\Exceptions\FrameworkException::forInvalidFile('partials/top_me...')
#1 C:\laragon\www\ci\system\Common.php(1089): CodeIgniter\View\View->render('partials/top_me...', Array, true)
#2 C:\laragon\www\ci\app\Controllers\Dashboard.php(9): view('partials/top_me...')
#3 C:\laragon\www\ci\system\CodeIgniter.php(832): App\Controllers\Dashboard->index()
#4 C:\laragon\www\ci\system\CodeIgniter.php(419): CodeIgniter\CodeIgniter->runController(Object(App\Controllers\Dashboard))
#5 C:\laragon\www\ci\system\CodeIgniter.php(326): CodeIgniter\CodeIgniter->handleRequest(NULL, Object(Config\Cache), false)
#6 C:\laragon\www\ci\public\index.php(37): CodeIgniter\CodeIgniter->run()
#7 {main}
CRITICAL - 2022-04-13 08:21:27 --> Invalid file: partials/top_menu.php
#0 C:\laragon\www\ci\system\View\View.php(198): CodeIgniter\Exceptions\FrameworkException::forInvalidFile('partials/top_me...')
#1 C:\laragon\www\ci\system\Common.php(1089): CodeIgniter\View\View->render('partials/top_me...', Array, true)
#2 C:\laragon\www\ci\app\Controllers\Dashboard.php(9): view('partials/top_me...')
#3 C:\laragon\www\ci\system\CodeIgniter.php(832): App\Controllers\Dashboard->index()
#4 C:\laragon\www\ci\system\CodeIgniter.php(419): CodeIgniter\CodeIgniter->runController(Object(App\Controllers\Dashboard))
#5 C:\laragon\www\ci\system\CodeIgniter.php(326): CodeIgniter\CodeIgniter->handleRequest(NULL, Object(Config\Cache), false)
#6 C:\laragon\www\ci\public\index.php(37): CodeIgniter\CodeIgniter->run()
#7 {main}
CRITICAL - 2022-04-13 13:22:04 --> The framework needs the following extension(s) installed and loaded: intl.
#0 C:\laragon\www\ci\system\CodeIgniter.php(219): CodeIgniter\Exceptions\FrameworkException::forMissingExtension('intl')
#1 C:\laragon\www\ci\system\CodeIgniter.php(177): CodeIgniter\CodeIgniter->resolvePlatformExtensions()
#2 C:\laragon\www\ci\system\bootstrap.php(146): CodeIgniter\CodeIgniter->initialize()
#3 C:\laragon\www\ci\public\index.php(28): require('C:\\laragon\\www\\...')
#4 {main}
